
=== Mon Jul 22 09:09:08 2019

Packages were changed.
Update Mode: mergeDefaultDependencies

The following packages were added:
  com.unity.timeline@0.0.0-builtin
The following packages were updated:
  com.unity.analytics from version 3.0.9 to 3.2.2
  com.unity.package-manager-ui from version 2.0.0-preview.7 to 0.0.0-builtin

=== Mon Dec 13 21:39:59 2021

Packages were changed.
Update Mode: updateDependencies

The following packages were added:
  com.unity.2d.sprite@1.0.0
  com.unity.2d.tilemap@1.0.0
  com.unity.ide.rider@2.0.7
  com.unity.ide.visualstudio@2.0.12
  com.unity.ide.vscode@1.2.4
  com.unity.modules.androidjni@1.0.0
  com.unity.test-framework@1.1.29
  com.unity.ugui@1.0.0
The following packages were updated:
  com.unity.ads from version 2.0.8 to 3.7.5
  com.unity.analytics from version 3.2.2 to 3.6.11
  com.unity.collab-proxy from version 1.2.9 to 1.15.4
  com.unity.purchasing from version 2.0.1 to 4.0.3
  com.unity.textmeshpro from version 1.3.0 to 3.0.6
  com.unity.timeline from version 0.0.0-builtin to 1.4.8
The following packages were removed:
  com.unity.package-manager-ui@0.0.0-builtin
